<?xml version="1.0" encoding="UTF-8"?>
<testsuite xmlns:xsi="http://www.w3.org/2001/XMLSchema-instance" xsi:noNamespaceSchemaLocation="https://maven.apache.org/surefire/maven-surefire-plugin/xsd/surefire-test-report.xsd" version="3.0.2" name="pe.edu.upeu.asistencia.AsistenciaApplicationTests" time="1.925" tests="1" errors="0" skipped="0" failures="0">
  <properties>
[...]
</properties>
  <testcase name="contextLoads" classname="pe.edu.upeu.asistencia.AsistenciaApplicationTests" time="0.799">
    <system-out><![CDATA[14:30:23.527 [main] INFO org.springframework.test.context.support.AnnotationConfigContextLoaderUtils -- Could not detect default configuration classes for test class [pe.edu.upeu.asistencia.AsistenciaApplicationTests]: AsistenciaApplicationTests does not declare any static, non-private, non-final, nested classes annotated with @Configuration.
14:30:23.628 [main] INFO org.springframework.boot.test.context.SpringBootTestContextBootstrapper -- Found @SpringBootConfiguration pe.edu.upeu.asistencia.AsistenciaApplication for test class pe.edu.upeu.asistencia.AsistenciaApplicationTests

  .   ____          _            __ _ _
 /\\ / ___'_ __ _ _(_)_ __  __ _ \ \ \ \
( ( )\___ | '_ | '_| | '_ \/ _` | \ \ \ \
 \\/  ___)| |_)| | | | | || (_| |  ) ) ) )
  '  |____| .__|_| |_|_| |_\__, | / / / /
 =========|_|==============|___/=/_/_/_/

 :: Spring Boot ::                (v3.5.5)

2025-08-22T14:30:24.098-05:00  INFO 12316 --- [Asistencia] [           main] p.e.u.a.AsistenciaApplicationTests       : Starting AsistenciaApplicationTests using Java 17 with PID 12316 (started by SOFTWARE in C:\POO\Asistencia)
2025-08-22T14:30:24.099-05:00  INFO 12316 --- [Asistencia] [           main] p.e.u.a.AsistenciaApplicationTests       : No active profile set, falling back to 1 default profile: "default"
2025-08-22T14:30:24.498-05:00  INFO 12316 --- [Asistencia] [           main] p.e.u.a.AsistenciaApplicationTests       : Started AsistenciaApplicationTests in 0.702 seconds (process running for 1.616)
]]></system-out>
  </testcase>
</testsuite>